#
# A fatal error has been detected by the Java Runtime Environment:
#
#  EXCEPTION_ACCESS_VIOLATION (0xc0000005) at pc=0x000000006da5c03b, pid=6744, tid=7408
#
# JRE version: 6.0_24-b07
# Java VM: Java HotSpot(TM) 64-Bit Server VM (19.1-b02 mixed mode windows-amd64 compressed oops)
# Problematic frame:
# V  [jvm.dll+0x26c03b]
#
# If you would like to submit a bug report, please visit:
#   http://java.sun.com/webapps/bugreport/crash.jsp
#

---------------  T H R E A D  ---------------

Current thread (0x00000000066dc800):  JavaThread "JDWP Transport Listener: dt_socket" daemon [_thread_in_vm, id=7408, stack(0x0000000007290000,0x0000000007390000)]

siginfo: ExceptionCode=0xc0000005, reading address 0x00003b2a2472656e

Registers:
RAX=0x000000000738f901, RBX=0x00000000066dc800, RCX=0x00003b2a2472656e, RDX=0x00000000066dc800
RSP=0x000000000738f960, RBP=0x00003b2a2472656e, RSI=0x000000000738fa40, RDI=0x00000000004486e0
R8=0x000000000738fa40, R9=0x0000000000000001, R10=0x0000000000000000, R11=0x000000000738fce7
R12=0x0000000000000001, R13=0x0000000000000000, R14=0x0000000000000000, R15=0x0000000000000000
RIP=0x000000006da5c03b, EFLAGS=0x0000000000010202

Register to memory mapping:

RAX=0x000000000738f901
0x000000000738f901 is pointing into the stack for thread: 0x00000000066dc800
"JDWP Transport Listener: dt_socket" daemon prio=6 tid=0x00000000066dc800 nid=0x1cf0 runnable [0x0000000000000000]
   java.lang.Thread.State: RUNNABLE

RBX=0x00000000066dc800
"JDWP Transport Listener: dt_socket" daemon prio=6 tid=0x00000000066dc800 nid=0x1cf0 runnable [0x0000000000000000]
   java.lang.Thread.State: RUNNABLE

RCX=0x00003b2a2472656e
0x00003b2a2472656e is pointing to unknown location

RDX=0x00000000066dc800
"JDWP Transport Listener: dt_socket" daemon prio=6 tid=0x00000000066dc800 nid=0x1cf0 runnable [0x0000000000000000]
   java.lang.Thread.State: RUNNABLE

RSP=0x000000000738f960
0x000000000738f960 is pointing into the stack for thread: 0x00000000066dc800
"JDWP Transport Listener: dt_socket" daemon prio=6 tid=0x00000000066dc800 nid=0x1cf0 runnable [0x0000000000000000]
   java.lang.Thread.State: RUNNABLE

RBP=0x00003b2a2472656e
0x00003b2a2472656e is pointing to unknown location

RSI=0x000000000738fa40
0x000000000738fa40 is pointing into the stack for thread: 0x00000000066dc800
"JDWP Transport Listener: dt_socket" daemon prio=6 tid=0x00000000066dc800 nid=0x1cf0 runnable [0x0000000000000000]
   java.lang.Thread.State: RUNNABLE

RDI=0x00000000004486e0
0x00000000004486e0 is pointing to unknown location

R8 =0x000000000738fa40
0x000000000738fa40 is pointing into the stack for thread: 0x00000000066dc800
"JDWP Transport Listener: dt_socket" daemon prio=6 tid=0x00000000066dc800 nid=0x1cf0 runnable [0x0000000000000000]
   java.lang.Thread.State: RUNNABLE

R9 =0x0000000000000001
0x0000000000000001 is pointing to unknown location

R10=0x0000000000000000
0x0000000000000000 is pointing to unknown location

R11=0x000000000738fce7
0x000000000738fce7 is pointing into the stack for thread: 0x00000000066dc800
"JDWP Transport Listener: dt_socket" daemon prio=6 tid=0x00000000066dc800 nid=0x1cf0 runnable [0x0000000000000000]
   java.lang.Thread.State: RUNNABLE

R12=0x0000000000000001
0x0000000000000001 is pointing to unknown location

R13=0x0000000000000000
0x0000000000000000 is pointing to unknown location

R14=0x0000000000000000
0x0000000000000000 is pointing to unknown location

R15=0x0000000000000000
0x0000000000000000 is pointing to unknown location


Top of Stack: (sp=0x000000000738f960)
0x000000000738f960:   0000000000000000 000000006d4454d3
0x000000000738f970:   000000000738fb70 000000006da91c15
0x000000000738f980:   00000000066dc800 000000006dab08da
0x000000000738f990:   0000000000000000 00000000066dc800
0x000000000738f9a0:   000000000738fa40 000000006d440d69
0x000000000738f9b0:   00000000066dc800 0000000000000000
0x000000000738f9c0:   0000000000000000 0000000000000000
0x000000000738f9d0:   0000000000000001 000000006d43ff6e
0x000000000738f9e0:   000000000738fa40 00000000066eaa70
0x000000000738f9f0:   0000000000000001 00003b2a2472656e
0x000000000738fa00:   0000000000000001 00003b2a2472656e
0x000000000738fa10:   000000000738fb70 000000006d424f64
0x000000000738fa20:   000000000738fb70 101554000a000000
0x000000000738fa30:   00000000067254c0 0000000000000000
0x000000000738fa40:   0000000a0738fb00 0000000000000000
0x000000000738fa50:   0000000000000000 0000000000000000 

Instructions: (pc=0x000000006da5c03b)
0x000000006da5c02b:   cc cc cc cc cc 48 53 48 83 ec 20 48 85 c9 74 55
0x000000006da5c03b:   48 8b 19 48 85 db 74 4d 48 b8 fe fe fe fe fe fe 


Stack: [0x0000000007290000,0x0000000007390000],  sp=0x000000000738f960,  free space=1022k
Native frames: (J=compiled Java code, j=interpreted, Vv=VM code, C=native code)
V  [jvm.dll+0x26c03b]


---------------  P R O C E S S  ---------------

Java Threads: ( => current thread )
  0x0000000006719000 JavaThread "Low Memory Detector" daemon [_thread_blocked, id=5720, stack(0x0000000007790000,0x0000000007890000)]
  0x0000000006705800 JavaThread "CompilerThread1" daemon [_thread_blocked, id=7220, stack(0x0000000007690000,0x0000000007790000)]
  0x0000000006701800 JavaThread "CompilerThread0" daemon [_thread_blocked, id=3724, stack(0x0000000007590000,0x0000000007690000)]
  0x00000000066e9800 JavaThread "JDWP Command Reader" daemon [_thread_in_native, id=8044, stack(0x0000000007490000,0x0000000007590000)]
  0x00000000066e8800 JavaThread "JDWP Event Helper Thread" daemon [_thread_blocked, id=3952, stack(0x0000000007390000,0x0000000007490000)]
=>0x00000000066dc800 JavaThread "JDWP Transport Listener: dt_socket" daemon [_thread_in_vm, id=7408, stack(0x0000000007290000,0x0000000007390000)]
  0x00000000066d4000 JavaThread "Attach Listener" daemon [_thread_blocked, id=4668, stack(0x0000000006a80000,0x0000000006b80000)]
  0x00000000066d3000 JavaThread "Signal Dispatcher" daemon [_thread_blocked, id=6688, stack(0x0000000006980000,0x0000000006a80000)]
  0x0000000000546800 JavaThread "Finalizer" daemon [_thread_blocked, id=6160, stack(0x0000000006880000,0x0000000006980000)]
  0x0000000000545000 JavaThread "Reference Handler" daemon [_thread_blocked, id=5480, stack(0x0000000006580000,0x0000000006680000)]
  0x000000000044c000 JavaThread "main" [_thread_blocked, id=5912, stack(0x00000000026a0000,0x00000000027a0000)]

Other Threads:
  0x000000000053d800 VMThread [stack: 0x0000000006480000,0x0000000006580000] [id=4128]
  0x0000000006722800 WatcherThread [stack: 0x0000000007890000,0x0000000007990000] [id=6408]

VM state:not at safepoint (normal execution)

VM Mutex/Monitor currently owned by a thread: None

Heap
 PSYoungGen      total 18176K, used 1561K [0x00000000ebc00000, 0x00000000ed040000, 0x0000000100000000)
  eden space 15616K, 10% used [0x00000000ebc00000,0x00000000ebd86708,0x00000000ecb40000)
  from space 2560K, 0% used [0x00000000ecdc0000,0x00000000ecdc0000,0x00000000ed040000)
  to   space 2560K, 0% used [0x00000000ecb40000,0x00000000ecb40000,0x00000000ecdc0000)
 PSOldGen        total 41472K, used 0K [0x00000000c3400000, 0x00000000c5c80000, 0x00000000ebc00000)
  object space 41472K, 0% used [0x00000000c3400000,0x00000000c3400000,0x00000000c5c80000)
 PSPermGen       total 21248K, used 3269K [0x00000000be200000, 0x00000000bf6c0000, 0x00000000c3400000)
  object space 21248K, 15% used [0x00000000be200000,0x00000000be5314d0,0x00000000bf6c0000)

Dynamic libraries:
0x0000000000400000 - 0x000000000042e000 	C:\Program Files\Java\jre6\bin\javaw.exe
0x0000000076e20000 - 0x0000000076fc9000 	C:\Windows\SYSTEM32\ntdll.dll
0x0000000076740000 - 0x000000007685f000 	C:\Windows\system32\kernel32.dll
0x000007fefd470000 - 0x000007fefd4db000 	C:\Windows\system32\KERNELBASE.dll
0x0000000074680000 - 0x00000000746c5000 	C:\Program Files\Alwil Software\Avast5\snxhk64.dll
0x000007fefd720000 - 0x000007fefd7fb000 	C:\Windows\system32\ADVAPI32.dll
0x000007fefed10000 - 0x000007fefedaf000 	C:\Windows\system32\msvcrt.dll
0x000007fefeac0000 - 0x000007fefeadf000 	C:\Windows\SYSTEM32\sechost.dll
0x000007fefeaf0000 - 0x000007fefec1d000 	C:\Windows\system32\RPCRT4.dll
0x0000000076d20000 - 0x0000000076e1a000 	C:\Windows\system32\USER32.dll
0x000007fefd810000 - 0x000007fefd877000 	C:\Windows\system32\GDI32.dll
0x000007fefd800000 - 0x000007fefd80e000 	C:\Windows\system32\LPK.dll
0x000007fefd650000 - 0x000007fefd719000 	C:\Windows\system32\USP10.dll
0x000007feff100000 - 0x000007feff12e000 	C:\Windows\system32\IMM32.DLL
0x000007fefedb0000 - 0x000007fefeeb9000 	C:\Windows\system32\MSCTF.dll
0x000007fefd1a0000 - 0x000007fefd1dc000 	C:\Windows\system32\nvinitx.dll
0x000000006d7f0000 - 0x000000006def4000 	C:\Program Files\Java\jre6\bin\server\jvm.dll
0x000007fefbd70000 - 0x000007fefbdab000 	C:\Windows\system32\WINMM.dll
0x000000006d760000 - 0x000000006d76e000 	C:\Program Files\Java\jre6\bin\verify.dll
0x000000006d3b0000 - 0x000000006d3d7000 	C:\Program Files\Java\jre6\bin\java.dll
0x000000006d310000 - 0x000000006d31a000 	C:\Program Files\Java\jre6\bin\hpi.dll
0x0000000076ff0000 - 0x0000000076ff7000 	C:\Windows\system32\PSAPI.DLL
0x000000006d420000 - 0x000000006d454000 	C:\Program Files\Java\jre6\bin\jdwp.dll
0x000000006d630000 - 0x000000006d638000 	C:\Program Files\Java\jre6\bin\npt.dll
0x000000006d7b0000 - 0x000000006d7c2000 	C:\Program Files\Java\jre6\bin\zip.dll
0x000000006d270000 - 0x000000006d279000 	C:\Program Files\Java\jre6\bin\dt_socket.dll
0x000007fefecc0000 - 0x000007fefed0d000 	C:\Windows\system32\WS2_32.dll
0x000007fefeae0000 - 0x000007fefeae8000 	C:\Windows\system32\NSI.dll
0x000007fefb150000 - 0x000007fefb165000 	C:\Windows\system32\NLAapi.dll
0x000007fef6ad0000 - 0x000007fef6ae5000 	C:\Windows\system32\napinsp.dll
0x000007fef6ab0000 - 0x000007fef6ac9000 	C:\Windows\system32\pnrpnsp.dll
0x0000000072870000 - 0x00000000728a5000 	C:\Program Files\Bonjour\mdnsNSP.dll
0x000007fefb000000 - 0x000007fefb027000 	C:\Windows\system32\Iphlpapi.DLL
0x000007fefaff0000 - 0x000007fefaffb000 	C:\Windows\system32\WINNSI.DLL
0x0000000072840000 - 0x000000007286e000 	C:\Program Files\Common Files\Microsoft Shared\Windows Live\WLIDNSP.DLL
0x000007fefe960000 - 0x000007fefe9d1000 	C:\Windows\system32\SHLWAPI.dll
0x000007fefcab0000 - 0x000007fefcb05000 	C:\Windows\System32\mswsock.dll
0x000007fefc930000 - 0x000007fefc98b000 	C:\Windows\system32\DNSAPI.dll
0x000007fef6170000 - 0x000007fef617b000 	C:\Windows\System32\winrnr.dll
0x000007fefaeb0000 - 0x000007fefaf03000 	C:\Windows\System32\fwpuclnt.dll
0x000007fef91d0000 - 0x000007fef91d8000 	C:\Windows\system32\rasadhlp.dll
0x000007fefc450000 - 0x000007fefc457000 	C:\Windows\System32\wshtcpip.dll

VM Arguments:
jvm_args: -agentlib:jdwp=transport=dt_socket,suspend=y,address=localhost:62146 -Dfile.encoding=Cp1250 
java_command: com.neptun.action.Runner
Launcher Type: SUN_STANDARD

Environment Variables:
JAVA_HOME=C:\Program Files\Java\jdk1.6.0_24
PATH=C:\Program Files\Common Files\Microsoft Shared\Windows Live;C:\Program Files (x86)\NVIDIA Corporation\PhysX\Common;C:\Windows\system32;C:\Windows;C:\Windows\System32\Wbem;C:\Windows\System32\WindowsPowerShell\v1.0\;C:\Program Files\Microsoft Windows Performance Toolkit\;C:\MySQL\bin;C:\Program Files (x86)\Java\jdk1.6.0_23\bin;C:\Program Files (x86)\SAS\Shared Files\Formats;C:\Program Files\jEdit;C:\Program Files\TortoiseSVN\bin;C:\Program Files\SlikSvn\bin;C:\Python27\Scripts;C:\Windows\System32\lp_solve_5.5.2.0_dev_win64;C:\Program Files\TortoiseGit\bin;C:\Program Files (x86)\scala\\bin;C:\Program Files\Common Files\Microsoft Shared\Windows Live;D:\NeptuN\programy\wikia\ant\bin;C:\Program Files\Java\jdk1.6.0_24\bin;D:\NeptuN\programy\programowanie\Selenium-Webdriver\IEDriverServer\IEDriverServer_x64_2.25.0\IEDriverServer.exe;C:\Program Files\SlikSvn\bin;M2_Path\bin;D:\NeptuN\Selenium Webdriver\Maven\apache-maven-3.0.4\bin.
USERNAME=Michal
OS=Windows_NT
PROCESSOR_IDENTIFIER=Intel64 Family 6 Model 37 Stepping 2, GenuineIntel



---------------  S Y S T E M  ---------------

OS: Windows 7 Build 7601 Service Pack 1

CPU:total 4 (2 cores per cpu, 2 threads per core) family 6 model 37 stepping 2, cmov, cx8, fxsr, mmx, sse, sse2, sse3, ssse3, sse4.1, sse4.2, popcnt, ht

Memory: 4k page, physical 3977784k(1332280k free), swap 7953712k(3808612k free)

vm_info: Java HotSpot(TM) 64-Bit Server VM (19.1-b02) for windows-amd64 JRE (1.6.0_24-b07), built on Feb  2 2011 16:25:45 by "java_re" with MS VC++ 8.0 (VS2005)

time: Thu Mar 21 21:17:42 2013
elapsed time: 899 seconds

