#
# A fatal error has been detected by the Java Runtime Environment:
#
#  EXCEPTION_ACCESS_VIOLATION (0xc0000005) at pc=0x000000006da5c03b, pid=3680, tid=6200
#
# JRE version: 6.0_24-b07
# Java VM: Java HotSpot(TM) 64-Bit Server VM (19.1-b02 mixed mode windows-amd64 compressed oops)
# Problematic frame:
# V  [jvm.dll+0x26c03b]
#
# If you would like to submit a bug report, please visit:
#   http://java.sun.com/webapps/bugreport/crash.jsp
#

---------------  T H R E A D  ---------------

Current thread (0x000000000681c800):  JavaThread "JDWP Transport Listener: dt_socket" daemon [_thread_in_vm, id=6200, stack(0x00000000072d0000,0x00000000073d0000)]

siginfo: ExceptionCode=0xc0000005, reading address 0x00000000003b7265

Registers:
RAX=0x00000000073cf901, RBX=0x000000000681c800, RCX=0x00000000003b7265, RDX=0x000000000681c800
RSP=0x00000000073cf960, RBP=0x00000000003b7265, RSI=0x00000000073cfa40, RDI=0x00000000006c86a0
R8=0x00000000073cfa40, R9=0x0000000000000001, R10=0x0000000000000000, R11=0x00000000073cfcb9
R12=0x0000000000000001, R13=0x0000000000000000, R14=0x0000000000000000, R15=0x0000000000000000
RIP=0x000000006da5c03b, EFLAGS=0x0000000000010206

Register to memory mapping:

RAX=0x00000000073cf901
0x00000000073cf901 is pointing into the stack for thread: 0x000000000681c800
"JDWP Transport Listener: dt_socket" daemon prio=6 tid=0x000000000681c800 nid=0x1838 runnable [0x0000000000000000]
   java.lang.Thread.State: RUNNABLE

RBX=0x000000000681c800
"JDWP Transport Listener: dt_socket" daemon prio=6 tid=0x000000000681c800 nid=0x1838 runnable [0x0000000000000000]
   java.lang.Thread.State: RUNNABLE

RCX=0x00000000003b7265
0x00000000003b7265 is pointing to unknown location

RDX=0x000000000681c800
"JDWP Transport Listener: dt_socket" daemon prio=6 tid=0x000000000681c800 nid=0x1838 runnable [0x0000000000000000]
   java.lang.Thread.State: RUNNABLE

RSP=0x00000000073cf960
0x00000000073cf960 is pointing into the stack for thread: 0x000000000681c800
"JDWP Transport Listener: dt_socket" daemon prio=6 tid=0x000000000681c800 nid=0x1838 runnable [0x0000000000000000]
   java.lang.Thread.State: RUNNABLE

RBP=0x00000000003b7265
0x00000000003b7265 is pointing to unknown location

RSI=0x00000000073cfa40
0x00000000073cfa40 is pointing into the stack for thread: 0x000000000681c800
"JDWP Transport Listener: dt_socket" daemon prio=6 tid=0x000000000681c800 nid=0x1838 runnable [0x0000000000000000]
   java.lang.Thread.State: RUNNABLE

RDI=0x00000000006c86a0
0x00000000006c86a0 is pointing to unknown location

R8 =0x00000000073cfa40
0x00000000073cfa40 is pointing into the stack for thread: 0x000000000681c800
"JDWP Transport Listener: dt_socket" daemon prio=6 tid=0x000000000681c800 nid=0x1838 runnable [0x0000000000000000]
   java.lang.Thread.State: RUNNABLE

R9 =0x0000000000000001
0x0000000000000001 is pointing to unknown location

R10=0x0000000000000000
0x0000000000000000 is pointing to unknown location

R11=0x00000000073cfcb9
0x00000000073cfcb9 is pointing into the stack for thread: 0x000000000681c800
"JDWP Transport Listener: dt_socket" daemon prio=6 tid=0x000000000681c800 nid=0x1838 runnable [0x0000000000000000]
   java.lang.Thread.State: RUNNABLE

R12=0x0000000000000001
0x0000000000000001 is pointing to unknown location

R13=0x0000000000000000
0x0000000000000000 is pointing to unknown location

R14=0x0000000000000000
0x0000000000000000 is pointing to unknown location

R15=0x0000000000000000
0x0000000000000000 is pointing to unknown location


Top of Stack: (sp=0x00000000073cf960)
0x00000000073cf960:   0000000000000000 000000006d4454d3
0x00000000073cf970:   00000000073cfb70 000000006da91c15
0x00000000073cf980:   000000000681c800 000000006dab08da
0x00000000073cf990:   0000000000000000 000000000681c800
0x00000000073cf9a0:   00000000073cfa40 000000006d440d69
0x00000000073cf9b0:   000000000681c800 0000000000000000
0x00000000073cf9c0:   0000000000000000 0000000000000000
0x00000000073cf9d0:   0000000000000001 000000006d43ff6e
0x00000000073cf9e0:   00000000073cfa40 00000000068477b0
0x00000000073cf9f0:   0000000000000001 00000000003b7265
0x00000000073cfa00:   0000000000000001 00000000003b7265
0x00000000073cfa10:   00000000073cfb70 000000006d424f64
0x00000000073cfa20:   00000000073cfb70 907982060a000000
0x00000000073cfa30:   0000000006863a90 0000000000000000
0x00000000073cfa40:   0000000a073cfb00 0000000000000000
0x00000000073cfa50:   0000000000000000 0000000000000000 

Instructions: (pc=0x000000006da5c03b)
0x000000006da5c02b:   cc cc cc cc cc 48 53 48 83 ec 20 48 85 c9 74 55
0x000000006da5c03b:   48 8b 19 48 85 db 74 4d 48 b8 fe fe fe fe fe fe 


Stack: [0x00000000072d0000,0x00000000073d0000],  sp=0x00000000073cf960,  free space=1022k
Native frames: (J=compiled Java code, j=interpreted, Vv=VM code, C=native code)
V  [jvm.dll+0x26c03b]


---------------  P R O C E S S  ---------------

Java Threads: ( => current thread )
  0x0000000006849800 JavaThread "Low Memory Detector" daemon [_thread_blocked, id=4276, stack(0x00000000078d0000,0x00000000079d0000)]
  0x0000000006841000 JavaThread "CompilerThread1" daemon [_thread_blocked, id=2716, stack(0x00000000077d0000,0x00000000078d0000)]
  0x000000000683d800 JavaThread "CompilerThread0" daemon [_thread_blocked, id=5004, stack(0x00000000076d0000,0x00000000077d0000)]
  0x0000000006826000 JavaThread "JDWP Command Reader" daemon [_thread_in_native, id=6260, stack(0x00000000075d0000,0x00000000076d0000)]
  0x0000000006825000 JavaThread "JDWP Event Helper Thread" daemon [_thread_blocked, id=6256, stack(0x00000000074d0000,0x00000000075d0000)]
=>0x000000000681c800 JavaThread "JDWP Transport Listener: dt_socket" daemon [_thread_in_vm, id=6200, stack(0x00000000072d0000,0x00000000073d0000)]
  0x0000000006814800 JavaThread "Attach Listener" daemon [_thread_blocked, id=6236, stack(0x0000000006ac0000,0x0000000006bc0000)]
  0x000000000680f000 JavaThread "Signal Dispatcher" daemon [_thread_blocked, id=6252, stack(0x00000000069c0000,0x0000000006ac0000)]
  0x000000000052b800 JavaThread "Finalizer" daemon [_thread_blocked, id=6240, stack(0x00000000066c0000,0x00000000067c0000)]
  0x0000000000525000 JavaThread "Reference Handler" daemon [_thread_blocked, id=6244, stack(0x00000000065c0000,0x00000000066c0000)]
  0x00000000006cc000 JavaThread "main" [_thread_blocked, id=4648, stack(0x0000000002650000,0x0000000002750000)]

Other Threads:
  0x000000000051d800 VMThread [stack: 0x00000000064c0000,0x00000000065c0000] [id=6248]
  0x0000000006863000 WatcherThread [stack: 0x00000000079d0000,0x0000000007ad0000] [id=2696]

VM state:not at safepoint (normal execution)

VM Mutex/Monitor currently owned by a thread: None

Heap
 PSYoungGen      total 18176K, used 624K [0x00000000ebc00000, 0x00000000ed040000, 0x0000000100000000)
  eden space 15616K, 4% used [0x00000000ebc00000,0x00000000ebc9c2b0,0x00000000ecb40000)
  from space 2560K, 0% used [0x00000000ecdc0000,0x00000000ecdc0000,0x00000000ed040000)
  to   space 2560K, 0% used [0x00000000ecb40000,0x00000000ecb40000,0x00000000ecdc0000)
 PSOldGen        total 41472K, used 0K [0x00000000c3400000, 0x00000000c5c80000, 0x00000000ebc00000)
  object space 41472K, 0% used [0x00000000c3400000,0x00000000c3400000,0x00000000c5c80000)
 PSPermGen       total 21248K, used 2635K [0x00000000be200000, 0x00000000bf6c0000, 0x00000000c3400000)
  object space 21248K, 12% used [0x00000000be200000,0x00000000be492c90,0x00000000bf6c0000)

Dynamic libraries:
0x0000000000400000 - 0x000000000042e000 	C:\Program Files\Java\jre6\bin\javaw.exe
0x0000000077730000 - 0x00000000778d9000 	C:\Windows\SYSTEM32\ntdll.dll
0x0000000077260000 - 0x000000007737f000 	C:\Windows\system32\kernel32.dll
0x000007fefdef0000 - 0x000007fefdf5b000 	C:\Windows\system32\KERNELBASE.dll
0x0000000074f90000 - 0x0000000074fd5000 	C:\Program Files\Alwil Software\Avast5\snxhk64.dll
0x000007fefe2a0000 - 0x000007fefe37b000 	C:\Windows\system32\ADVAPI32.dll
0x000007fefe1f0000 - 0x000007fefe28f000 	C:\Windows\system32\msvcrt.dll
0x000007feff390000 - 0x000007feff3af000 	C:\Windows\SYSTEM32\sechost.dll
0x000007feff870000 - 0x000007feff99d000 	C:\Windows\system32\RPCRT4.dll
0x00000000774e0000 - 0x00000000775da000 	C:\Windows\system32\USER32.dll
0x000007feff3b0000 - 0x000007feff417000 	C:\Windows\system32\GDI32.dll
0x000007feff590000 - 0x000007feff59e000 	C:\Windows\system32\LPK.dll
0x000007feff420000 - 0x000007feff4e9000 	C:\Windows\system32\USP10.dll
0x000007feff310000 - 0x000007feff33e000 	C:\Windows\system32\IMM32.DLL
0x000007feff760000 - 0x000007feff869000 	C:\Windows\system32\MSCTF.dll
0x000007fefdab0000 - 0x000007fefdaec000 	C:\Windows\system32\nvinitx.dll
0x000000006d7f0000 - 0x000000006def4000 	C:\Program Files\Java\jre6\bin\server\jvm.dll
0x000007fefbb30000 - 0x000007fefbb6b000 	C:\Windows\system32\WINMM.dll
0x000000006d760000 - 0x000000006d76e000 	C:\Program Files\Java\jre6\bin\verify.dll
0x000000006d3b0000 - 0x000000006d3d7000 	C:\Program Files\Java\jre6\bin\java.dll
0x000000006d310000 - 0x000000006d31a000 	C:\Program Files\Java\jre6\bin\hpi.dll
0x0000000077900000 - 0x0000000077907000 	C:\Windows\system32\PSAPI.DLL
0x000000006d420000 - 0x000000006d454000 	C:\Program Files\Java\jre6\bin\jdwp.dll
0x000000006d630000 - 0x000000006d638000 	C:\Program Files\Java\jre6\bin\npt.dll
0x000000006d7b0000 - 0x000000006d7c2000 	C:\Program Files\Java\jre6\bin\zip.dll
0x000000006d270000 - 0x000000006d279000 	C:\Program Files\Java\jre6\bin\dt_socket.dll
0x000007feff340000 - 0x000007feff38d000 	C:\Windows\system32\WS2_32.dll
0x000007fefe290000 - 0x000007fefe298000 	C:\Windows\system32\NSI.dll
0x000007fefc860000 - 0x000007fefc875000 	C:\Windows\system32\NLAapi.dll
0x000007fef5350000 - 0x000007fef5365000 	C:\Windows\system32\napinsp.dll
0x000007fef5330000 - 0x000007fef5349000 	C:\Windows\system32\pnrpnsp.dll
0x0000000070740000 - 0x0000000070775000 	C:\Program Files\Bonjour\mdnsNSP.dll
0x000007fefb6e0000 - 0x000007fefb707000 	C:\Windows\system32\Iphlpapi.DLL
0x000007fefb6d0000 - 0x000007fefb6db000 	C:\Windows\system32\WINNSI.DLL
0x0000000070710000 - 0x000000007073e000 	C:\Program Files\Common Files\Microsoft Shared\Windows Live\WLIDNSP.DLL
0x000007feff6e0000 - 0x000007feff751000 	C:\Windows\system32\SHLWAPI.dll
0x000007fefd3c0000 - 0x000007fefd415000 	C:\Windows\System32\mswsock.dll
0x000007fefd240000 - 0x000007fefd29b000 	C:\Windows\system32\DNSAPI.dll
0x000007fef5320000 - 0x000007fef532b000 	C:\Windows\System32\winrnr.dll
0x000007fefba90000 - 0x000007fefbae3000 	C:\Windows\System32\fwpuclnt.dll
0x000007fef7c30000 - 0x000007fef7c38000 	C:\Windows\system32\rasadhlp.dll
0x000007fefcd60000 - 0x000007fefcd67000 	C:\Windows\System32\wshtcpip.dll

VM Arguments:
jvm_args: -agentlib:jdwp=transport=dt_socket,suspend=y,address=localhost:53193 -Dfile.encoding=Cp1250 
java_command: Runner
Launcher Type: SUN_STANDARD

Environment Variables:
JAVA_HOME=C:\Program Files\Java\jdk1.6.0_24
PATH=C:\Program Files\Common Files\Microsoft Shared\Windows Live;C:\Program Files (x86)\NVIDIA Corporation\PhysX\Common;C:\Windows\system32;C:\Windows;C:\Windows\System32\Wbem;C:\Windows\System32\WindowsPowerShell\v1.0\;C:\Program Files\Microsoft Windows Performance Toolkit\;C:\MySQL\bin;C:\Program Files (x86)\Java\jdk1.6.0_23\bin;C:\Program Files (x86)\SAS\Shared Files\Formats;C:\Program Files\jEdit;C:\Program Files\TortoiseSVN\bin;C:\Program Files\SlikSvn\bin;C:\Python27\Scripts;C:\Windows\System32\lp_solve_5.5.2.0_dev_win64;C:\Program Files\TortoiseGit\bin;C:\Program Files (x86)\scala\\bin;C:\Program Files\Common Files\Microsoft Shared\Windows Live;D:\NeptuN\programy\wikia\ant\bin;C:\Program Files\Java\jdk1.6.0_24\bin;D:\NeptuN\programy\programowanie\Selenium-Webdriver\IEDriverServer\IEDriverServer_x64_2.25.0\IEDriverServer.exe;C:\Program Files\SlikSvn\bin;M2_Path\bin;D:\NeptuN\Selenium Webdriver\Maven\apache-maven-3.0.4\bin.
USERNAME=Michal
OS=Windows_NT
PROCESSOR_IDENTIFIER=Intel64 Family 6 Model 37 Stepping 2, GenuineIntel



---------------  S Y S T E M  ---------------

OS: Windows 7 Build 7601 Service Pack 1

CPU:total 4 (2 cores per cpu, 2 threads per core) family 6 model 37 stepping 2, cmov, cx8, fxsr, mmx, sse, sse2, sse3, ssse3, sse4.1, sse4.2, popcnt, ht

Memory: 4k page, physical 3977784k(1071784k free), swap 7953712k(4397800k free)

vm_info: Java HotSpot(TM) 64-Bit Server VM (19.1-b02) for windows-amd64 JRE (1.6.0_24-b07), built on Feb  2 2011 16:25:45 by "java_re" with MS VC++ 8.0 (VS2005)

time: Wed Mar 06 22:32:17 2013
elapsed time: 559 seconds

